<?xml version="1.0" encoding="UTF-8"?>
<!-- Generated by org.testng.reporters.JUnitXMLReporter -->
<testsuite ignored="0" hostname="Sivam" failures="0" tests="8" name="Test" time="0.054" errors="0" timestamp="2024-09-06T13:29:49 IST">
  <testcase classname="testNg.SuiteClass" name="openFlipkart" time="0.004"/>
  <testcase classname="testNg.SuiteClass" name="openGoogle" time="0.001"/>
  <testcase classname="testNg.DependencManagement" name="browser" time="0.001"/>
  <testcase classname="testNg.DependencManagement" name="flipkart" time="0.001"/>
  <testcase classname="testNg.PriorityClass" name="startCar" time="0.001"/>
  <testcase classname="testNg.PriorityClass" name="firstGear" time="0.001"/>
  <testcase classname="testNg.PriorityClass" name="secondGear" time="0.001"/>
  <testcase classname="testNg.PriorityClass" name="thirdGear" time="0.0"/>
</testsuite> <!-- Test -->
