<?xml version="1.0" encoding="UTF-8"?>
<testng-results ignored="0" total="2" passed="2" failed="0" skipped="0">
  <reporter-output>
  </reporter-output>
  <suite started-at="2024-09-12T00:07:11 IST" name="Default suite" finished-at="2024-09-12T00:07:11 IST" duration-ms="49">
    <groups>
    </groups>
    <test started-at="2024-09-12T00:07:11 IST" name="Default test" finished-at="2024-09-12T00:07:11 IST" duration-ms="49">
      <class name="testNg.NewTest">
        <test-method is-config="true" signature="beforeSuite()[pri:0, instance:testNg.NewTest@6f10d5b6]" started-at="2024-09-12T00:07:11 IST" name="beforeSuite" finished-at="2024-09-12T00:07:11 IST" duration-ms="14" status="PASS">
          <reporter-output>
          </reporter-output>
        </test-method> <!-- beforeSuite -->
        <test-method is-config="true" signature="beforeTest()[pri:0, instance:testNg.NewTest@6f10d5b6]" started-at="2024-09-12T00:07:11 IST" name="beforeTest" finished-at="2024-09-12T00:07:11 IST" duration-ms="0" status="PASS">
          <reporter-output>
          </reporter-output>
        </test-method> <!-- beforeTest -->
        <test-method is-config="true" signature="beforeClass()[pri:0, instance:testNg.NewTest@6f10d5b6]" started-at="2024-09-12T00:07:11 IST" name="beforeClass" finished-at="2024-09-12T00:07:11 IST" duration-ms="0" status="PASS">
          <reporter-output>
          </reporter-output>
        </test-method> <!-- beforeClass -->
        <test-method is-config="true" signature="beforeMethod()[pri:0, instance:testNg.NewTest@6f10d5b6]" started-at="2024-09-12T00:07:11 IST" name="beforeMethod" finished-at="2024-09-12T00:07:11 IST" duration-ms="0" status="PASS">
          <reporter-output>
          </reporter-output>
        </test-method> <!-- beforeMethod -->
        <test-method signature="f()[pri:0, instance:testNg.NewTest@6f10d5b6]" started-at="2024-09-12T00:07:11 IST" name="f" finished-at="2024-09-12T00:07:11 IST" duration-ms="4" status="PASS">
          <reporter-output>
          </reporter-output>
        </test-method> <!-- f -->
        <test-method is-config="true" signature="afterMethod()[pri:0, instance:testNg.NewTest@6f10d5b6]" started-at="2024-09-12T00:07:11 IST" name="afterMethod" finished-at="2024-09-12T00:07:11 IST" duration-ms="0" status="PASS">
          <reporter-output>
          </reporter-output>
        </test-method> <!-- afterMethod -->
        <test-method signature="f2()[pri:0, instance:testNg.NewTest@6f10d5b6]" started-at="2024-09-12T00:07:11 IST" name="f2" finished-at="2024-09-12T00:07:11 IST" duration-ms="1" status="PASS">
          <reporter-output>
          </reporter-output>
        </test-method> <!-- f2 -->
        <test-method is-config="true" signature="beforeMethod()[pri:0, instance:testNg.NewTest@6f10d5b6]" started-at="2024-09-12T00:07:11 IST" name="beforeMethod" finished-at="2024-09-12T00:07:11 IST" duration-ms="0" status="PASS">
          <reporter-output>
          </reporter-output>
        </test-method> <!-- beforeMethod -->
        <test-method is-config="true" signature="afterMethod()[pri:0, instance:testNg.NewTest@6f10d5b6]" started-at="2024-09-12T00:07:11 IST" name="afterMethod" finished-at="2024-09-12T00:07:11 IST" duration-ms="0" status="PASS">
          <reporter-output>
          </reporter-output>
        </test-method> <!-- afterMethod -->
        <test-method is-config="true" signature="afterClass()[pri:0, instance:testNg.NewTest@6f10d5b6]" started-at="2024-09-12T00:07:11 IST" name="afterClass" finished-at="2024-09-12T00:07:11 IST" duration-ms="0" status="PASS">
          <reporter-output>
          </reporter-output>
        </test-method> <!-- afterClass -->
        <test-method is-config="true" signature="afterTest()[pri:0, instance:testNg.NewTest@6f10d5b6]" started-at="2024-09-12T00:07:11 IST" name="afterTest" finished-at="2024-09-12T00:07:11 IST" duration-ms="0" status="PASS">
          <reporter-output>
          </reporter-output>
        </test-method> <!-- afterTest -->
        <test-method is-config="true" signature="afterSuite()[pri:0, instance:testNg.NewTest@6f10d5b6]" started-at="2024-09-12T00:07:11 IST" name="afterSuite" finished-at="2024-09-12T00:07:11 IST" duration-ms="1" status="PASS">
          <reporter-output>
          </reporter-output>
        </test-method> <!-- afterSuite -->
      </class> <!-- testNg.NewTest -->
    </test> <!-- Default test -->
  </suite> <!-- Default suite -->
</testng-results>
